\BOOKMARK [0][-]{chapter*.1}{\376\377\000A\000\040\000s\000t\000u\000d\000y\000\040\000g\000u\000i\000d\000e\000\040\000t\000o\000\040\000e\000m\000p\000i\000r\000i\000c\000a\000l\000\040\000r\000e\000s\000e\000a\000r\000c\000h\000\040\000i\000n\000\040\000e\000c\000o\000n\000o\000m\000i\000c\000s\000\040\000a\000n\000d\000\040\000m\000a\000n\000a\000g\000e\000m\000e\000n\000t\000\040\000u\000s\000i\000n\000g\000\040\000s\000e\000c\000o\000n\000d\000a\000r\000y\000\040\000d\000a\000t\000a}{}% 1
\BOOKMARK [1][-]{section*.2}{\376\377\000O\000b\000j\000e\000c\000t\000i\000v\000e}{chapter*.1}% 2
\BOOKMARK [1][-]{section*.3}{\376\377\000L\000e\000a\000r\000n\000i\000n\000g\000\040\000o\000b\000j\000e\000c\000t\000i\000v\000e\000s}{chapter*.1}% 3
\BOOKMARK [1][-]{section*.4}{\376\377\000S\000t\000r\000u\000c\000t\000u\000r\000e\000\040\000o\000f\000\040\000t\000h\000e\000\040\000s\000t\000u\000d\000y\000\040\000g\000u\000i\000d\000e}{chapter*.1}% 4
\BOOKMARK [1][-]{section*.5}{\376\377\000T\000h\000i\000s\000\040\000i\000s\000\040\000a\000\040\000l\000i\000v\000i\000n\000g\000\040\000d\000o\000c\000u\000m\000e\000n\000t}{chapter*.1}% 5
\BOOKMARK [0][-]{chapter*.6}{\376\377\000A\000c\000k\000n\000o\000w\000l\000e\000d\000g\000e\000m\000e\000n\000t\000s}{}% 6
\BOOKMARK [0][-]{chapter*.7}{\376\377\000I\000n\000t\000r\000o\000d\000u\000c\000t\000i\000o\000n\000\040\000t\000o\000\040\000r\000e\000p\000r\000o\000d\000u\000c\000i\000b\000l\000e\000\040\000r\000e\000s\000e\000a\000r\000c\000h}{}% 7
\BOOKMARK [1][-]{section*.8}{\376\377\000W\000h\000a\000t\000\040\000i\000s\000\040\000r\000e\000p\000r\000o\000d\000u\000c\000i\000b\000l\000e\000\040\000r\000e\000s\000e\000a\000r\000c\000h\000?}{chapter*.7}% 8
\BOOKMARK [1][-]{section*.9}{\376\377\000W\000h\000y\000\040\000y\000o\000u\000,\000\040\000a\000s\000\040\000a\000\040\000s\000t\000u\000d\000e\000n\000t\000\040\000a\000n\000d\000\040\000r\000e\000s\000e\000a\000r\000c\000h\000e\000r\000,\000\040\000s\000h\000o\000u\000l\000d\000\040\000c\000a\000r\000e\000\040\000a\000b\000o\000u\000t\000\040\000r\000e\000p\000r\000o\000d\000u\000c\000i\000b\000l\000e\000\040\000r\000e\000s\000e\000a\000r\000c\000h\000?}{chapter*.7}% 9
\BOOKMARK [2][-]{section*.10}{\376\377\000A\000v\000o\000i\000d\000\040\000c\000o\000m\000m\000o\000n\000\040\000b\000i\000a\000s\000e\000s\000\040\000t\000h\000a\000t\000\040\000l\000e\000a\000d\000\040\000t\000o\000\040\000b\000i\000a\000s\000e\000d\000\040\000o\000r\000\040\000f\000a\000l\000s\000e\000\040\000r\000e\000s\000e\000a\000r\000c\000h\000\040\000r\000e\000s\000u\000l\000t\000s}{section*.9}% 10
\BOOKMARK [2][-]{section*.11}{\376\377\000I\000n\000c\000r\000e\000a\000s\000e\000\040\000p\000r\000o\000d\000u\000c\000t\000i\000v\000i\000t\000y\000\040\000o\000f\000\040\000y\000o\000u\000r\000\040\000w\000o\000r\000k\000\040\000a\000n\000d\000\040\000t\000h\000e\000\040\000w\000o\000r\000k\000\040\000o\000f\000\040\000t\000h\000e\000\040\000s\000c\000i\000e\000n\000t\000i\000f\000i\000c\000\040\000c\000o\000m\000m\000u\000n\000i\000t\000y\000\040\000b\000y\000\040\000p\000e\000r\000f\000o\000r\000m\000i\000n\000g\000\040\000r\000e\000p\000r\000o\000d\000u\000c\000i\000b\000l\000e\000\040\000r\000e\000s\000e\000a\000r\000c\000h}{section*.9}% 11
\BOOKMARK [1][-]{section*.12}{\376\377\000M\000a\000i\000n\000\040\000s\000t\000e\000p\000s\000\040\000t\000o\000\040\000p\000r\000o\000d\000u\000c\000e\000\040\000r\000e\000p\000r\000o\000d\000u\000c\000i\000b\000l\000e\000\040\000r\000e\000s\000e\000a\000r\000c\000h}{chapter*.7}% 12
\BOOKMARK [1][-]{section*.13}{\376\377\000S\000e\000c\000o\000n\000d\000a\000r\000y\000\040\000\050\000h\000e\000a\000l\000t\000h\000\040\000c\000a\000r\000e\000\051\000\040\000d\000a\000t\000a}{chapter*.7}% 13
\BOOKMARK [1][-]{section*.14}{\376\377\000C\000r\000e\000a\000t\000i\000n\000g\000\040\000a\000n\000\040\000e\000n\000v\000i\000r\000o\000n\000m\000e\000n\000t\000\040\000f\000o\000r\000\040\000p\000r\000o\000d\000u\000c\000t\000i\000v\000e\000\040\000r\000e\000s\000e\000a\000r\000c\000h\000\040\000p\000r\000o\000j\000e\000c\000t\000s}{chapter*.7}% 14
\BOOKMARK [1][-]{section*.15}{\376\377\000R\000e\000s\000o\000u\000r\000c\000e\000s\000\040\000B\000o\000x}{chapter*.7}% 15
\BOOKMARK [0][-]{chapter*.16}{\376\377\000F\000o\000r\000m\000u\000l\000a\000t\000i\000n\000g\000\040\000a\000\040\000h\000y\000p\000o\000t\000h\000e\000s\000i\000s}{}% 16
\BOOKMARK [1][-]{section*.17}{\376\377\000B\000a\000s\000i\000c\000\040\000s\000t\000e\000p\000s\000\040\000t\000o\000\040\000f\000o\000r\000m\000u\000l\000a\000t\000e\000\040\000a\000\040\000h\000y\000p\000o\000t\000h\000e\000s\000i\000s}{chapter*.16}% 17
\BOOKMARK [2][-]{section*.18}{\376\377\000W\000h\000a\000t\000\040\000i\000s\000\040\000a\000\040\000h\000y\000p\000o\000t\000h\000e\000s\000i\000s\000?}{section*.17}% 18
\BOOKMARK [2][-]{section*.19}{\376\377\000H\000o\000w\000\040\000d\000o\000\040\000y\000o\000u\000\040\000d\000e\000v\000e\000l\000o\000p\000\040\000a\000\040\000r\000e\000s\000e\000a\000r\000c\000h\000\040\000q\000u\000e\000s\000t\000i\000o\000n\000\040\000a\000n\000d\000\040\000f\000o\000r\000m\000u\000l\000a\000t\000e\000\040\000a\000\040\000h\000y\000p\000o\000t\000h\000e\000s\000i\000s\000?}{section*.17}% 19
\BOOKMARK [2][-]{section*.20}{\376\377\000D\000e\000v\000e\000l\000o\000p\000\040\000a\000\040\000H\000y\000p\000o\000t\000h\000e\000s\000i\000s}{section*.17}% 20
\BOOKMARK [2][-]{section*.21}{\376\377\000I\000d\000e\000n\000t\000i\000f\000y\000\040\000R\000e\000l\000e\000v\000a\000n\000t\000\040\000L\000i\000t\000e\000r\000a\000t\000u\000r\000e}{section*.17}% 21
\BOOKMARK [2][-]{section*.22}{\376\377\000R\000e\000s\000e\000a\000r\000c\000h\000\040\000q\000u\000e\000s\000t\000i\000o\000n\000\040\000o\000r\000\040\000l\000i\000t\000e\000r\000a\000t\000u\000r\000e\000\040\000r\000e\000v\000i\000e\000w\000,\000\040\000a\000\040\000h\000e\000n\000\040\000a\000n\000d\000\040\000e\000g\000g\000\040\000p\000r\000o\000b\000l\000e\000m\000?}{section*.17}% 22
\BOOKMARK [1][-]{section*.23}{\376\377\000R\000e\000s\000o\000u\000r\000c\000e\000s\000\040\000b\000o\000x}{chapter*.16}% 23
\BOOKMARK [2][-]{section*.24}{\376\377\000H\000o\000w\000\040\000t\000o\000\040\000d\000e\000v\000e\000l\000o\000p\000\040\000s\000t\000r\000o\000n\000g\000\040\000r\000e\000s\000e\000a\000r\000c\000h\000\040\000q\000u\000e\000s\000t\000i\000o\000n\000s}{section*.23}% 24
\BOOKMARK [2][-]{section*.25}{\376\377\000I\000d\000e\000n\000t\000i\000f\000y\000\040\000r\000e\000l\000e\000v\000a\000n\000t\000\040\000l\000i\000t\000e\000r\000a\000t\000u\000r\000e\000\040\000f\000r\000o\000m\000\040\000m\000a\000j\000o\000r\000\040\000g\000e\000n\000e\000r\000a\000l\000\040\000i\000n\000t\000e\000r\000e\000s\000t\000\040\000a\000n\000d\000\040\000f\000i\000e\000l\000d\000\040\000l\000i\000t\000e\000r\000a\000t\000u\000r\000e}{section*.23}% 25
\BOOKMARK [2][-]{section*.26}{\376\377\000A\000s\000s\000e\000s\000s\000\040\000t\000h\000e\000\040\000q\000u\000a\000l\000i\000t\000y\000\040\000o\000f\000\040\000a\000\040\000j\000o\000u\000r\000n\000a\000l\000\040\000a\000r\000t\000i\000c\000l\000e}{section*.23}% 26
\BOOKMARK [2][-]{section*.27}{\376\377\000I\000n\000v\000e\000s\000t\000i\000g\000a\000t\000e\000\040\000h\000o\000w\000\040\000a\000\040\000j\000o\000u\000r\000n\000a\000l\000\040\000a\000r\000t\000i\000c\000l\000e\000\040\000i\000s\000\040\000c\000o\000n\000n\000e\000c\000t\000e\000d\000\040\000t\000o\000\040\000o\000t\000h\000e\000r\000\040\000w\000o\000r\000k\000s}{section*.23}% 27
\BOOKMARK [2][-]{section*.28}{\376\377\000O\000r\000g\000a\000n\000i\000z\000e\000\040\000y\000o\000u\000r\000\040\000l\000i\000t\000e\000r\000a\000t\000u\000r\000e}{section*.23}% 28
\BOOKMARK [1][-]{section*.29}{\376\377\000E\000x\000a\000m\000p\000l\000e\000:\000\040\000H\000e\000l\000l\000e\000r\000s\000t\000e\000i\000n\000\040\000\050\0001\0009\0009\0008\000\051}{chapter*.16}% 29
\BOOKMARK [2][-]{section*.30}{\376\377\000R\000e\000l\000e\000v\000a\000n\000c\000e\000\040\000o\000f\000\040\000t\000h\000e\000\040\000t\000o\000p\000i\000c\000\040\000-\000\040\000e\000s\000c\000a\000l\000a\000t\000i\000n\000g\000\040\000h\000e\000a\000l\000t\000h\000\040\000e\000x\000p\000e\000n\000d\000i\000t\000u\000r\000e\000s}{section*.29}% 30
\BOOKMARK [2][-]{section*.31}{\376\377\000D\000e\000v\000e\000l\000o\000p\000m\000e\000n\000t\000\040\000o\000f\000\040\000a\000\040\000r\000e\000s\000e\000a\000r\000c\000h\000\040\000q\000u\000e\000s\000t\000i\000o\000n\000\040\000-\000\040\000i\000d\000e\000n\000t\000i\000f\000y\000i\000n\000g\000\040\000t\000h\000e\000\040\000r\000o\000l\000e\000\040\000o\000f\000\040\000p\000h\000y\000s\000i\000c\000i\000a\000n\000\040\000p\000r\000a\000c\000t\000i\000c\000e\000\040\000i\000n\000\040\000c\000h\000o\000o\000s\000i\000n\000g\000\040\000g\000e\000n\000e\000r\000i\000c\000\040\000d\000r\000u\000g\000s}{section*.29}% 31
\BOOKMARK [2][-]{section*.32}{\376\377\000H\000y\000p\000o\000t\000h\000e\000s\000i\000s\000\040\000-\000\040\000i\000n\000s\000u\000r\000a\000n\000c\000e\000\040\000s\000t\000a\000t\000u\000s\000\040\000d\000r\000i\000v\000e\000s\000\040\000g\000e\000n\000e\000r\000i\000c\000\040\000d\000r\000u\000g\000\040\000u\000s\000e}{section*.29}% 32
\BOOKMARK [0][-]{chapter*.33}{\376\377\000D\000e\000s\000i\000g\000n\000i\000n\000g\000\040\000t\000h\000e\000\040\000S\000t\000u\000d\000y}{}% 33
\BOOKMARK [1][-]{section*.34}{\376\377\000B\000a\000s\000i\000c\000\040\000s\000t\000e\000p\000s\000\040\000i\000n\000\040\000d\000e\000s\000i\000g\000n\000i\000n\000g\000\040\000y\000o\000u\000r\000\040\000s\000t\000u\000d\000y}{chapter*.33}% 34
\BOOKMARK [2][-]{section*.35}{\376\377\000C\000l\000a\000r\000i\000f\000y\000\040\000y\000o\000u\000r\000\040\000s\000t\000u\000d\000y\000\040\000g\000o\000a\000l\000:\000\040\000a\000s\000s\000o\000c\000i\000a\000t\000i\000o\000n\000,\000\040\000c\000a\000u\000s\000a\000t\000i\000o\000n\000,\000\040\000c\000o\000u\000n\000t\000e\000r\000f\000a\000c\000t\000u\000a\000l\000s}{section*.34}% 35
\BOOKMARK [2][-]{section*.36}{\376\377\000D\000e\000v\000e\000l\000o\000p\000\040\000a\000\040\000c\000a\000u\000s\000a\000l\000\040\000m\000o\000d\000e\000l\000\040\000a\000n\000d\000\040\000i\000d\000e\000n\000t\000i\000f\000y\000\040\000e\000s\000t\000i\000m\000a\000b\000l\000e\000\040\000e\000f\000f\000e\000c\000t\000s}{section*.34}% 36
\BOOKMARK [2][-]{section*.37}{\376\377\000D\000e\000v\000e\000l\000o\000p\000\040\000t\000h\000e\000\040\000e\000m\000p\000i\000r\000i\000c\000a\000l\000\040\000s\000t\000r\000a\000t\000e\000g\000y\000\040\000t\000o\000\040\000i\000n\000v\000e\000s\000t\000i\000g\000a\000t\000e\000\040\000c\000a\000u\000s\000a\000l\000\040\000e\000f\000f\000e\000c\000t\000s}{section*.34}% 37
\BOOKMARK [2][-]{section*.38}{\376\377\000I\000n\000v\000e\000s\000t\000i\000g\000a\000t\000e\000\040\000s\000u\000i\000t\000a\000b\000l\000e\000\040\000s\000o\000u\000r\000c\000e\000\040\000d\000a\000t\000a}{section*.34}% 38
\BOOKMARK [1][-]{section*.39}{\376\377\000R\000e\000s\000o\000u\000r\000c\000e\000s\000\040\000b\000o\000x}{chapter*.33}% 39
\BOOKMARK [2][-]{section*.40}{\376\377\000K\000e\000y\000\040\000t\000e\000r\000m\000i\000n\000o\000l\000o\000g\000y\000\040\000i\000n\000\040\000c\000a\000u\000s\000a\000l\000\040\000i\000n\000f\000e\000r\000e\000n\000c\000e\000\040\000b\000a\000s\000e\000d\000\040\000o\000n\000\040\000M\000a\000t\000t\000h\000a\000y\000\040\000e\000t\000\040\000a\000l\000.\000\040\000\050\0002\0000\0002\0000\000\051}{section*.39}% 40
\BOOKMARK [2][-]{section*.41}{\376\377\000O\000p\000e\000n\000l\000y\000-\000a\000v\000a\000i\000l\000a\000b\000l\000e\000\040\000t\000e\000x\000t\000b\000o\000o\000k\000s\000\040\000a\000n\000d\000\040\000r\000e\000s\000o\000u\000r\000c\000e\000s\000\040\000o\000n\000\040\000e\000c\000o\000n\000o\000m\000e\000t\000r\000i\000c\000s\000\040\000w\000i\000t\000h\000\040\000a\000\040\000c\000a\000u\000s\000a\000l\000\040\000i\000n\000f\000e\000r\000e\000n\000c\000e\000\040\000f\000o\000c\000u\000s}{section*.39}% 41
\BOOKMARK [2][-]{section*.42}{\376\377\000D\000r\000a\000w\000i\000n\000g\000\040\000C\000a\000u\000s\000a\000l\000\040\000D\000i\000a\000g\000r\000a\000m\000s}{section*.39}% 42
\BOOKMARK [2][-]{section*.43}{\376\377\000R\000e\000p\000l\000i\000c\000a\000t\000i\000o\000n\000\040\000e\000x\000a\000m\000p\000l\000e\000s}{section*.39}% 43
\BOOKMARK [1][-]{section*.44}{\376\377\000E\000x\000a\000m\000p\000l\000e\000:\000\040\000H\000e\000l\000l\000e\000r\000s\000t\000e\000i\000n\000\040\000\050\0001\0009\0009\0008\000\051}{chapter*.33}% 44
\BOOKMARK [0][-]{chapter*.45}{\376\377\000R\000u\000n\000n\000i\000n\000g\000\040\000t\000h\000e\000\040\000s\000t\000u\000d\000y\000\040\000a\000n\000d\000\040\000c\000o\000l\000l\000e\000c\000t\000i\000n\000g\000\040\000t\000h\000e\000\040\000d\000a\000t\000a}{}% 45
\BOOKMARK [1][-]{section*.46}{\376\377\000B\000a\000s\000i\000c\000\040\000s\000t\000e\000p\000s\000\040\000w\000h\000e\000n\000\040\000r\000u\000n\000n\000i\000n\000g\000\040\000t\000h\000e\000\040\000s\000t\000u\000d\000y\000\040\000a\000n\000d\000\040\000c\000o\000l\000l\000e\000c\000t\000i\000n\000g\000\040\000t\000h\000e\000\040\000d\000a\000t\000a}{chapter*.45}% 46
\BOOKMARK [2][-]{section*.47}{\376\377\000I\000d\000e\000n\000t\000i\000f\000y\000\040\000s\000e\000c\000o\000n\000d\000a\000r\000y\000\040\000d\000a\000t\000a\000\040\000s\000o\000u\000r\000c\000e\000s}{section*.46}% 47
\BOOKMARK [2][-]{section*.48}{\376\377\000D\000e\000v\000e\000l\000o\000p\000\040\000a\000\040\000d\000a\000t\000a\000\040\000c\000o\000l\000l\000e\000c\000t\000i\000o\000n\000\040\000a\000n\000d\000\040\000a\000n\000a\000l\000y\000s\000i\000s\000\040\000p\000l\000a\000n}{section*.46}% 48
\BOOKMARK [2][-]{section*.49}{\376\377\000O\000b\000t\000a\000i\000n\000\040\000a\000c\000c\000e\000s\000s\000\040\000t\000o\000\040\000s\000o\000u\000r\000c\000e\000\040\000d\000a\000t\000a\000\040\000o\000r\000\040\000g\000e\000n\000e\000r\000a\000t\000e\000\040\000t\000h\000e\000\040\000d\000a\000t\000a}{section*.46}% 49
\BOOKMARK [2][-]{section*.50}{\376\377\000P\000r\000o\000c\000e\000s\000s\000\040\000a\000n\000d\000\040\000p\000r\000e\000p\000a\000r\000e\000\040\000t\000h\000e\000\040\000s\000o\000u\000r\000c\000e\000\040\000d\000a\000t\000a}{section*.46}% 50
\BOOKMARK [1][-]{section*.51}{\376\377\000R\000e\000s\000o\000u\000r\000c\000e\000s\000\040\000B\000o\000x}{chapter*.45}% 51
\BOOKMARK [2][-]{section*.52}{\376\377\000H\000o\000w\000\040\000t\000o\000\040\000o\000r\000g\000a\000n\000i\000z\000e\000\040\000y\000o\000u\000r\000\040\000r\000e\000s\000e\000a\000r\000c\000h\000\040\000p\000r\000o\000j\000e\000c\000t\000:}{section*.51}% 52
\BOOKMARK [2][-]{section*.53}{\376\377\000C\000o\000d\000i\000n\000g\000\040\000p\000r\000a\000c\000t\000i\000c\000e\000s\000:\000\040\000B\000e\000s\000t\000\040\000P\000r\000a\000c\000t\000i\000c\000e\000s\000\040\000f\000o\000r\000\040\000D\000a\000t\000a\000\040\000a\000n\000d\000\040\000C\000o\000d\000e\000\040\000M\000a\000n\000a\000g\000e\000m\000e\000n\000t\000\040\000i\000n\000\040\000P\000r\000o\000j\000e\000c\000t\000s}{section*.51}% 53
\BOOKMARK [2][-]{section*.54}{\376\377\000D\000a\000t\000a\000\040\000c\000l\000e\000a\000n\000i\000n\000g}{section*.51}% 54
\BOOKMARK [2][-]{section*.55}{\376\377\000C\000o\000l\000l\000e\000c\000t\000i\000n\000g\000\040\000d\000a\000t\000a\000\040\000f\000r\000o\000m\000\040\000m\000e\000t\000a\000-\000d\000a\000t\000a\000\040\000a\000n\000d\000\040\000w\000e\000b\000-\000s\000c\000r\000a\000p\000i\000n\000g}{section*.51}% 55
\BOOKMARK [1][-]{section*.56}{\376\377\000E\000x\000a\000m\000p\000l\000e\000:\000\040\000H\000e\000l\000l\000e\000r\000s\000t\000e\000i\000n\000\040\000\050\0001\0009\0009\0008\000\051}{chapter*.45}% 56
\BOOKMARK [0][-]{chapter*.57}{\376\377\000A\000n\000a\000l\000y\000z\000i\000n\000g\000\040\000t\000h\000e\000\040\000D\000a\000t\000a}{}% 57
\BOOKMARK [1][-]{section*.58}{\376\377\000B\000a\000s\000i\000c\000\040\000s\000t\000e\000p\000s\000\040\000w\000h\000e\000n\000\040\000a\000n\000a\000l\000y\000z\000i\000n\000g\000\040\000t\000h\000e\000\040\000d\000a\000t\000a}{chapter*.57}% 58
\BOOKMARK [2][-]{section*.59}{\376\377\000G\000e\000n\000e\000r\000a\000t\000e\000\040\000t\000h\000e\000\040\000a\000n\000a\000l\000y\000s\000i\000s\000\040\000d\000a\000t\000a\000\040\000s\000e\000t}{section*.58}% 59
\BOOKMARK [2][-]{section*.60}{\376\377\000D\000e\000s\000c\000r\000i\000b\000e\000\040\000y\000o\000u\000r\000\040\000d\000a\000t\000a\000,\000\040\000a\000s\000s\000e\000s\000s\000\040\000v\000a\000l\000i\000d\000i\000t\000y\000\040\000a\000n\000d\000\040\000p\000l\000a\000u\000s\000i\000b\000l\000i\000t\000y}{section*.58}% 60
\BOOKMARK [2][-]{section*.61}{\376\377\000G\000e\000n\000e\000r\000a\000t\000e\000\040\000e\000s\000t\000i\000m\000a\000t\000e\000s\000\040\000o\000f\000\040\000y\000o\000u\000r\000\040\000i\000n\000v\000e\000s\000t\000i\000g\000a\000t\000e\000d\000\040\000e\000f\000f\000e\000c\000t\000\040\000u\000s\000i\000n\000g\000\040\000r\000e\000g\000r\000e\000s\000s\000i\000o\000n\000\040\000t\000e\000c\000h\000n\000i\000q\000u\000e\000s}{section*.58}% 61
\BOOKMARK [1][-]{section*.62}{\376\377\000R\000e\000s\000o\000u\000r\000c\000e\000s\000\040\000b\000o\000x}{chapter*.57}% 62
\BOOKMARK [1][-]{section*.63}{\376\377\000E\000x\000a\000m\000p\000l\000e\000:\000\040\000H\000e\000l\000l\000e\000r\000s\000t\000e\000i\000n\000\040\000\050\0001\0009\0009\0008\000\051}{chapter*.57}% 63
\BOOKMARK [2][-]{section*.64}{\376\377\000D\000e\000s\000c\000r\000i\000b\000e\000\040\000y\000o\000u\000r\000\040\000d\000a\000t\000a\000,\000\040\000a\000s\000s\000e\000s\000s\000\040\000v\000a\000l\000i\000d\000i\000t\000y\000\040\000a\000n\000d\000\040\000p\000l\000a\000u\000s\000i\000b\000l\000i\000t\000y}{section*.63}% 64
\BOOKMARK [2][-]{section*.65}{\376\377\000G\000e\000n\000e\000r\000a\000t\000e\000\040\000e\000s\000t\000i\000m\000a\000t\000e\000s\000\040\000o\000f\000\040\000y\000o\000u\000r\000\040\000i\000n\000v\000e\000s\000t\000i\000g\000a\000t\000e\000d\000\040\000e\000f\000f\000e\000c\000t\000\040\000u\000s\000i\000n\000g\000\040\000r\000e\000g\000r\000e\000s\000s\000i\000o\000n\000\040\000t\000e\000c\000h\000n\000i\000q\000u\000e\000s}{section*.63}% 65
\BOOKMARK [0][-]{chapter*.66}{\376\377\000R\000e\000p\000o\000r\000t\000i\000n\000g\000\040\000t\000h\000e\000\040\000S\000t\000u\000d\000y}{}% 66
\BOOKMARK [1][-]{section*.67}{\376\377\000B\000a\000s\000i\000c\000\040\000s\000t\000e\000p\000s\000\040\000t\000o\000\040\000r\000e\000p\000o\000r\000t\000i\000n\000g\000\040\000t\000h\000e\000\040\000s\000t\000u\000d\000y}{chapter*.66}% 67
\BOOKMARK [2][-]{section*.68}{\376\377\000T\000h\000e\000\040\000w\000r\000i\000t\000i\000n\000g\000\040\000p\000r\000o\000c\000e\000s\000s}{section*.67}% 68
\BOOKMARK [2][-]{section*.69}{\376\377\000G\000e\000n\000e\000r\000a\000l\000\040\000g\000u\000i\000d\000a\000n\000c\000e\000\040\000o\000n\000\040\000t\000h\000e\000\040\000u\000s\000e\000\040\000o\000f\000\040\000l\000a\000n\000g\000u\000a\000g\000e\000\040\000i\000n\000\040\000t\000h\000e\000\040\000r\000e\000s\000e\000a\000r\000c\000h\000\040\000p\000a\000p\000e\000r}{section*.67}% 69
\BOOKMARK [2][-]{section*.70}{\376\377\000T\000a\000b\000l\000e\000s}{section*.67}% 70
\BOOKMARK [2][-]{section*.71}{\376\377\000F\000i\000g\000u\000r\000e\000s}{section*.67}% 71
\BOOKMARK [1][-]{section*.72}{\376\377\000R\000e\000s\000o\000u\000r\000c\000e\000s\000\040\000b\000o\000x}{chapter*.66}% 72
\BOOKMARK [2][-]{section*.73}{\376\377\000C\000o\000l\000l\000e\000c\000t\000i\000o\000n\000s\000\040\000o\000f\000\040\000w\000r\000i\000t\000i\000n\000g\000\040\000t\000i\000p\000s\000\040\000a\000n\000d\000\040\000s\000h\000o\000r\000t\000\040\000a\000r\000t\000i\000c\000l\000e\000s}{section*.72}% 73
\BOOKMARK [2][-]{section*.74}{\376\377\000B\000o\000o\000k\000s}{section*.72}% 74
\BOOKMARK [2][-]{section*.75}{\376\377\000V\000i\000d\000e\000o\000s}{section*.72}% 75
\BOOKMARK [1][-]{section*.76}{\376\377\000E\000x\000a\000m\000p\000l\000e\000:\000\040\000H\000e\000l\000l\000e\000r\000s\000t\000e\000i\000n\000\040\000\050\0001\0009\0009\0008\000\051}{chapter*.66}% 76
\BOOKMARK [2][-]{section*.77}{\376\377\000D\000e\000s\000c\000r\000i\000p\000t\000i\000v\000e\000\040\000A\000n\000a\000l\000y\000s\000i\000s}{section*.76}% 77
\BOOKMARK [2][-]{section*.78}{\376\377\000E\000m\000p\000i\000r\000i\000c\000a\000l\000\040\000A\000n\000a\000l\000y\000s\000i\000s}{section*.76}% 78
